Flutter crash report.
Please report a bug at https://github.com/flutter/flutter/issues.

## command

flutter run -d chrome

## exception

FileSystemException: FileSystemException: Cannot create file, path = 'build/flutter_assets/assets/books/hadith/%D9%86%D8%B5%D8%A8%20%D8%A7%D9%84%D9%85%D8%AC%D8%A7%D9%86%D9%8A%D9%82%20%D9%84%D9%86%D8%B3%D9%81%20%D9%82%D8%B5%D8%A9%20%D8%A7%D9%84%D8%BA%D8%B1%D8%A7%D9%86%D9%8A%D9%82%20%D8%B7%20%D8%A7%D9%84%D9%85%D9%83%D8%AA%D8%A8%20%D8%A7%D9%84%D8%A5%D8%B3%D9%84%D8%A7%D9%85%D9%8A.pdf' (OS Error: File name too long, errno = 63)

```
#0      _File.throwIfError (dart:io/file_impl.dart:783:7)
#1      _File.createSync (dart:io/file_impl.dart:344:5)
#2      ForwardingFile.createSync (package:file/src/forwarding/forwarding_file.dart:26:16)
#3      ErrorHandlingFile.createSync.<anonymous closure> (package:flutter_tools/src/base/error_handling_io.dart:265:22)
#4      _runSync (package:flutter_tools/src/base/error_handling_io.dart:552:14)
#5      ErrorHandlingFile.createSync (package:flutter_tools/src/base/error_handling_io.dart:264:5)
#6      ErrorHandlingFile.copySync.<anonymous closure> (package:flutter_tools/src/base/error_handling_io.dart:300:24)
#7      _runSync (package:flutter_tools/src/base/error_handling_io.dart:552:14)
#8      ErrorHandlingFile.copySync (package:flutter_tools/src/base/error_handling_io.dart:299:5)
#9      writeBundle.<anonymous closure> (package:flutter_tools/src/bundle_builder.dart:215:19)
<asynchronous suspension>
#10     Future.wait.<anonymous closure> (dart:async/future.dart:546:21)
<asynchronous suspension>
#11     writeBundle (package:flutter_tools/src/bundle_builder.dart:171:3)
<asynchronous suspension>
#12     WebDevFS.update (package:flutter_tools/src/isolated/devfs_web.dart:336:9)
<asynchronous suspension>
#13     ResidentWebRunner._updateDevFS (package:flutter_tools/src/isolated/resident_web_runner.dart:783:35)
<asynchronous suspension>
#14     ResidentWebRunner.run.<anonymous closure> (package:flutter_tools/src/isolated/resident_web_runner.dart:324:41)
<asynchronous suspension>
#15     asyncGuard.<anonymous closure> (package:flutter_tools/src/base/async_guard.dart:108:24)
<asynchronous suspension>
```

## flutter doctor

```
[32m[âœ“][39m Flutter (Channel stable, 3.38.3, on macOS 26.1 25B78 darwin-arm64, locale en-AU) [123ms]
    [32mâ€¢[39m Flutter version 3.38.3 on channel stable at /opt/homebrew/share/flutter
    [32mâ€¢[39m Upstream repository https://github.com/flutter/flutter.git
    [32mâ€¢[39m Framework revision 19074d12f7 (10 days ago), 2025-11-20 17:53:13 -0500
    [32mâ€¢[39m Engine revision 13e658725d
    [32mâ€¢[39m Dart version 3.10.1
    [32mâ€¢[39m DevTools version 2.51.1
    [32mâ€¢[39m Feature flags: enable-web, enable-linux-desktop, enable-macos-desktop,
      enable-windows-desktop, enable-android, enable-ios, cli-animations, enable-native-assets,
      omit-legacy-version-file, enable-lldb-debugging

[33m[!][39m Android toolchain - develop for Android devices (Android SDK version 36.1.0) [829ms]
    [32mâ€¢[39m Android SDK at /Users/ismaielshakir/Library/Android/sdk
    [32mâ€¢[39m Emulator version 36.2.12.0 (build_id 14214601) (CL:N/A)
    [32mâ€¢[39m Platform android-36, build-tools 36.1.0
    [32mâ€¢[39m Java binary at: /Applications/Android Studio.app/Contents/jbr/Contents/Home/bin/java
      This JDK is specified in your Flutter configuration.
      To change the current JDK, run: `flutter config --jdk-dir="path/to/jdk"`.
    [31mâœ—[39m Cannot execute /Applications/Android Studio.app/Contents/jbr/Contents/Home/bin/java to
      determine the version

[33m[!][39m Xcode - develop for iOS and macOS [891ms]
    [31mâœ—[39m Xcode installation is incomplete; a full installation is necessary for iOS and macOS
      development.
      Download at: https://developer.apple.com/xcode/
      Or install Xcode via the App Store.
      Once installed, run:
        sudo xcode-select --switch /Applications/Xcode.app/Contents/Developer
        sudo xcodebuild -runFirstLaunch
    [32mâ€¢[39m CocoaPods version 1.16.2

[32m[âœ“][39m Chrome - develop for the web [35ms]
    [32mâ€¢[39m Chrome at /Applications/Google Chrome.app/Contents/MacOS/Google Chrome

[32m[âœ“][39m Connected device (2 available) [3.2s]
    [32mâ€¢[39m macOS (desktop) â€¢ macos  â€¢ darwin-arm64   â€¢ macOS 26.1 25B78 darwin-arm64
    [32mâ€¢[39m Chrome (web)    â€¢ chrome â€¢ web-javascript â€¢ Google Chrome 142.0.7444.176

[32m[âœ“][39m Network resources [951ms]
    [32mâ€¢[39m All expected network resources are available.

[33m![39m Doctor found issues in 2 categories.
```
